2026-01-31 16:48:34 | [92mINFO[0m | [94mexfador[0m | EXFADOR STARVELL BOT started | author: t.me/exfador | channel: https://t.me/starvellapi
2026-01-31 16:49:25 | [92mINFO[0m | [94mexfador.bot[0m | Plugins loaded: -
2026-01-31 16:49:28 | [92mINFO[0m | [94mexfador.bot[0m | Bot name set to: 'COXERHUB STARVELL | 24KWElloooffc'
2026-01-31 16:49:28 | [92mINFO[0m | [94mexfador.bot[0m | Routers loaded. Starting monitor task…
2026-01-31 16:49:28 | [92mINFO[0m | [94mexfador.bot[0m | Polling started
2026-01-31 16:49:28 | [92mINFO[0m | [94maiogram.dispatcher[0m | Start polling
2026-01-31 16:49:38 | [93mWARNING[0m | [94mexfador.monitor[0m | version_poll_failed error=HTTPSConnectionPool(host='api.github.com', port=443): Max retries exceeded with url: /repos/exfador/starvell_api/tags?page=1 (Caused by ConnectTimeoutError(<urllib3.connection.HTTPSConnection object at 0x00000190096398D0>, 'Connection to api.github.com timed out. (connect timeout=10)'))
2026-01-31 16:49:38 | [92mINFO[0m | [94maiogram.dispatcher[0m | Run polling for bot @We_WEBHOOKBOT id=7714786532 - 'COXERHUB STARVELL | 24KWElloooffc'
2026-01-31 16:49:38 | [90mDEBUG[0m | [94mexfador.handlers[0m | /start ask_password user_id=1180611900
2026-01-31 16:49:38 | [90mDEBUG[0m | [94mexfador.handlers[0m | /start ask_password user_id=1180611900
2026-01-31 16:49:39 | [92mINFO[0m | [94mexfador.monitor[0m | {
    "authorized": true,
    "user": {
        "id": 21202,
        "username": "24KWElloooffc",
        "email": "mmmax0305@gmail.com",
        "isOnline": true,
        "lastOnlineAt": "2026-01-31T11:36:56.405Z",
        "createdAt": "2025-08-06T13:49:06.952Z",
        "isBanned": false,
        "isSellingEnabled": true,
        "avatar": "dbf29027-9cae-4896-b686-3b4e73214ab8",
        "banner": null,
        "description": null,
        "roles": [],
        "kycStatus": "NOT_VERIFIED",
        "kycFailureReason": null,
        "rating": 0,
        "reviewsCount": 0,
        "isPhoneLinked": true,
        "hasPassword": true,
        "isTelegramLinked": true,
        "unreadChatIds": [],
        "unreadTicketIds": [],
        "holdedAmount": 0,
        "ordersCount": {
            "purchaseOrdersCount": 13,
            "salesOrdersCount": 0
        },
        "balance": {
            "rubBalance": 4849
        },
        "offersHides": [],
        "isImitated": false,
        "hasAtLeastOneCompletedOrder": true,
        "hasAtLeastOneCompletedOrderAsSeller": false
    },
    "lots": [],
    "category_url": null
}
2026-01-31 16:50:10 | [92mINFO[0m | [94mexfador[0m | EXFADOR STARVELL BOT started | author: t.me/exfador | channel: https://t.me/starvellapi
2026-01-31 16:50:10 | [92mINFO[0m | [94mexfador.bot[0m | Plugins loaded: -
2026-01-31 16:50:12 | [92mINFO[0m | [94mexfador.bot[0m | Bot name set to: 'COXERHUB STARVELL | 24KWElloooffc'
2026-01-31 16:50:12 | [92mINFO[0m | [94mexfador.bot[0m | Routers loaded. Starting monitor task…
2026-01-31 16:50:13 | [92mINFO[0m | [94mexfador.bot[0m | Polling started
2026-01-31 16:50:13 | [92mINFO[0m | [94maiogram.dispatcher[0m | Start polling
2026-01-31 16:50:23 | [93mWARNING[0m | [94mexfador.monitor[0m | version_poll_failed error=HTTPSConnectionPool(host='api.github.com', port=443): Max retries exceeded with url: /repos/exfador/starvell_api/tags?page=1 (Caused by ConnectTimeoutError(<urllib3.connection.HTTPSConnection object at 0x000001D52ED2F5D0>, 'Connection to api.github.com timed out. (connect timeout=10)'))
2026-01-31 16:50:23 | [92mINFO[0m | [94maiogram.dispatcher[0m | Run polling for bot @We_WEBHOOKBOT id=7714786532 - 'COXERHUB STARVELL | 24KWElloooffc'
2026-01-31 16:50:23 | [90mDEBUG[0m | [94mexfador.handlers[0m | /start ask_password user_id=1180611900
2026-01-31 16:50:23 | [90mDEBUG[0m | [94mexfador.handlers[0m | /start ask_password user_id=1180611900
2026-01-31 16:50:23 | [90mDEBUG[0m | [94mexfador.handlers[0m | /start ask_password user_id=1180611900
2026-01-31 16:50:25 | [92mINFO[0m | [94mexfador.monitor[0m | {
    "authorized": true,
    "user": {
        "id": 21202,
        "username": "24KWElloooffc",
        "email": "mmmax0305@gmail.com",
        "isOnline": true,
        "lastOnlineAt": "2026-01-31T11:36:56.405Z",
        "createdAt": "2025-08-06T13:49:06.952Z",
        "isBanned": false,
        "isSellingEnabled": true,
        "avatar": "dbf29027-9cae-4896-b686-3b4e73214ab8",
        "banner": null,
        "description": null,
        "roles": [],
        "kycStatus": "NOT_VERIFIED",
        "kycFailureReason": null,
        "rating": 0,
        "reviewsCount": 0,
        "isPhoneLinked": true,
        "hasPassword": true,
        "isTelegramLinked": true,
        "unreadChatIds": [],
        "unreadTicketIds": [],
        "holdedAmount": 0,
        "ordersCount": {
            "purchaseOrdersCount": 13,
            "salesOrdersCount": 0
        },
        "balance": {
            "rubBalance": 4849
        },
        "offersHides": [],
        "isImitated": false,
        "hasAtLeastOneCompletedOrder": true,
        "hasAtLeastOneCompletedOrderAsSeller": false
    },
    "lots": [],
    "category_url": null
}
2026-01-31 16:50:26 | [92mINFO[0m | [94mexfador.handlers[0m | password_ok user_id=1180611900
2026-01-31 16:50:30 | [92mINFO[0m | [94mexfador.handlers[0m | language_selected user_id=1180611900 lang=ru
2026-01-31 16:50:33 | [90mDEBUG[0m | [94mexfador.handlers[0m | open_welcome user_id=1180611900
2026-01-31 16:50:37 | [90mDEBUG[0m | [94mexfador.handlers[0m | back_main user_id=1180611900
2026-01-31 16:50:39 | [90mDEBUG[0m | [94mexfador.handlers[0m | ad_menu_open user_id=1180611900
2026-01-31 16:50:40 | [90mDEBUG[0m | [94mexfador.handlers[0m | back_main user_id=1180611900
2026-01-31 16:51:11 | [93mWARNING[0m | [94mexfador.monitor[0m | version_poll_failed error=HTTPSConnectionPool(host='api.github.com', port=443): Max retries exceeded with url: /repos/exfador/starvell_api/tags?page=1 (Caused by ConnectTimeoutError(<urllib3.connection.HTTPSConnection object at 0x000001D5358BEDD0>, 'Connection to api.github.com timed out. (connect timeout=10)'))
2026-01-31 16:51:11 | [90mDEBUG[0m | [94mexfador.handlers[0m | templates_menu_open user_id=1180611900
2026-01-31 16:51:21 | [91mERROR[0m | [94maiogram.event[0m | Cause exception while process update id=463923290 by bot id=7714786532
TelegramBadRequest: Telegram server says - Bad Request: query is too old and response timeout expired or query ID is invalid
Traceback (most recent call last):
  File "C:\Users\q\AppData\Local\Programs\Python\Python311\Lib\site-packages\aiogram\dispatcher\dispatcher.py", line 309, in _process_update
    response = await self.feed_update(bot, update, **kwargs)
               ^^^^^^^^^^^^^^^^^^^^^^^^^^^^^^^^^^^^^^^^^^^^^
  File "C:\Users\q\AppData\Local\Programs\Python\Python311\Lib\site-packages\aiogram\dispatcher\dispatcher.py", line 158, in feed_update
    response = await self.update.wrap_outer_middleware(
               ^^^^^^^^^^^^^^^^^^^^^^^^^^^^^^^^^^^^^^^^
  File "C:\Users\q\AppData\Local\Programs\Python\Python311\Lib\site-packages\aiogram\dispatcher\middlewares\error.py", line 25, in __call__
    return await handler(event, data)
           ^^^^^^^^^^^^^^^^^^^^^^^^^^
  File "C:\Users\q\AppData\Local\Programs\Python\Python311\Lib\site-packages\aiogram\dispatcher\middlewares\user_context.py", line 56, in __call__
    if event.message:
           ^^^^^^^^^^
  File "C:\Users\q\AppData\Local\Programs\Python\Python311\Lib\contextlib.py", line 222, in __aexit__
    await self.gen.athrow(typ, value, traceback)
  File "C:\Users\q\AppData\Local\Programs\Python\Python311\Lib\site-packages\aiogram\fsm\storage\memory.py", line 69, in lock
    lock = self._locks[key]
    ^^^^^
  File "C:\Users\q\AppData\Local\Programs\Python\Python311\Lib\site-packages\aiogram\fsm\middleware.py", line 42, in __call__
    return await handler(event, data)
           ^^^^^^^^^^^^^^^^^^^^^^^^^^
  File "C:\Users\q\AppData\Local\Programs\Python\Python311\Lib\site-packages\aiogram\dispatcher\event\telegram.py", line 121, in trigger
    return await wrapped_inner(event, kwargs)
           ^^^^^^^^^^^^^^^^^^^^^^^^^^^^^^^^^^
  File "C:\Users\q\AppData\Local\Programs\Python\Python311\Lib\site-packages\aiogram\dispatcher\event\handler.py", line 43, in call
    return await wrapped()
           ^^^^^^^^^^^^^^^
  File "C:\Users\q\AppData\Local\Programs\Python\Python311\Lib\site-packages\aiogram\dispatcher\dispatcher.py", line 276, in _listen_update
    return await self.propagate_event(update_type=update_type, event=event, **kwargs)
           ^^^^^^^^^^^^^^^^^^^^^^^^^^^^^^^^^^^^^^^^^^^^^^^^^^^^^^^^^^^^^^^^^^^^^^^^^^
  File "C:\Users\q\AppData\Local\Programs\Python\Python311\Lib\site-packages\aiogram\dispatcher\router.py", line 146, in propagate_event
    self,
         
  File "C:\Users\q\AppData\Local\Programs\Python\Python311\Lib\site-packages\aiogram\dispatcher\router.py", line 141, in _wrapped
    if observer:
               ^
  File "C:\Users\q\AppData\Local\Programs\Python\Python311\Lib\site-packages\aiogram\dispatcher\router.py", line 174, in _propagate_event
    return response
                   
  File "C:\Users\q\AppData\Local\Programs\Python\Python311\Lib\site-packages\aiogram\dispatcher\router.py", line 146, in propagate_event
    self,
         
  File "C:\Users\q\AppData\Local\Programs\Python\Python311\Lib\site-packages\aiogram\dispatcher\router.py", line 141, in _wrapped
    if observer:
               ^
  File "C:\Users\q\AppData\Local\Programs\Python\Python311\Lib\site-packages\aiogram\dispatcher\router.py", line 166, in _propagate_event
    if response is not UNHANDLED:
               ^^^^^^^^^^^^^^^^^^
  File "C:\Users\q\AppData\Local\Programs\Python\Python311\Lib\site-packages\aiogram\dispatcher\event\telegram.py", line 121, in trigger
    return await wrapped_inner(event, kwargs)
           ^^^^^^^^^^^^^^^^^^^^^^^^^^^^^^^^^^
  File "C:\Users\q\AppData\Local\Programs\Python\Python311\Lib\site-packages\aiogram\dispatcher\event\handler.py", line 43, in call
    return await wrapped()
           ^^^^^^^^^^^^^^^
  File "C:\Users\q\Documents\Bots\starvell_bot1\tg_bot_exfa\handlers\callbacks.py", line 2262, in back_main
    await callback.answer()
  File "C:\Users\q\AppData\Local\Programs\Python\Python311\Lib\site-packages\aiogram\methods\base.py", line 84, in emit
    return await bot(self)
           ^^^^^^^^^^^^^^^
  File "C:\Users\q\AppData\Local\Programs\Python\Python311\Lib\site-packages\aiogram\client\bot.py", line 498, in __call__
  File "C:\Users\q\AppData\Local\Programs\Python\Python311\Lib\site-packages\aiogram\client\session\base.py", line 254, in __call__
    return cast(TelegramType, await middleware(bot, method))
                              ^^^^^^^^^^^^^^^^^^^^^^^^^^^^^
  File "C:\Users\q\AppData\Local\Programs\Python\Python311\Lib\site-packages\aiogram\client\session\aiohttp.py", line 185, in make_request
    except asyncio.TimeoutError:
               ^^^^^^^^^^^^^^^^^
  File "C:\Users\q\AppData\Local\Programs\Python\Python311\Lib\site-packages\aiogram\client\session\base.py", line 120, in check_response
    raise TelegramBadRequest(method=method, message=description)
aiogram.exceptions.TelegramBadRequest: Telegram server says - Bad Request: query is too old and response timeout expired or query ID is invalid
2026-01-31 16:51:30 | [90mDEBUG[0m | [94mexfador.handlers[0m | open_prefix user_id=1180611900
2026-01-31 16:51:32 | [90mDEBUG[0m | [94mexfador.handlers[0m | open_prefix user_id=1180611900
2026-01-31 16:51:32 | [92mINFO[0m | [94mexfador.handlers[0m | prefix_toggled user_id=1180611900 enabled=False
2026-01-31 16:51:33 | [90mDEBUG[0m | [94mexfador.handlers[0m | back_main user_id=1180611900
2026-01-31 16:53:21 | [93mWARNING[0m | [94mexfador.monitor[0m | chat_messages_fetch_failed chat_id=019bacf7-7d6c-5048-8463-522d72641193 error=Cannot connect to host starvell.com:443 ssl:default [None]
2026-01-31 16:55:51 | [93mWARNING[0m | [94mexfador.monitor[0m | version_poll_failed error=HTTPSConnectionPool(host='api.github.com', port=443): Max retries exceeded with url: /repos/exfador/starvell_api/tags?page=1 (Caused by ConnectTimeoutError(<urllib3.connection.HTTPSConnection object at 0x000001D5358BC550>, 'Connection to api.github.com timed out. (connect timeout=10)'))
2026-01-31 16:56:21 | [93mWARNING[0m | [94mexfador.monitor[0m | version_poll_failed error=HTTPSConnectionPool(host='api.github.com', port=443): Max retries exceeded with url: /repos/exfador/starvell_api/tags?page=1 (Caused by ConnectTimeoutError(<urllib3.connection.HTTPSConnection object at 0x000001D5359F74D0>, 'Connection to api.github.com timed out. (connect timeout=10)'))
2026-01-31 17:01:01 | [93mWARNING[0m | [94mexfador.monitor[0m | version_poll_failed error=HTTPSConnectionPool(host='api.github.com', port=443): Max retries exceeded with url: /repos/exfador/starvell_api/tags?page=1 (Caused by ConnectTimeoutError(<urllib3.connection.HTTPSConnection object at 0x000001D536B37A90>, 'Connection to api.github.com timed out. (connect timeout=10)'))
2026-01-31 17:01:31 | [93mWARNING[0m | [94mexfador.monitor[0m | version_poll_failed error=HTTPSConnectionPool(host='api.github.com', port=443): Max retries exceeded with url: /repos/exfador/starvell_api/tags?page=1 (Caused by ConnectTimeoutError(<urllib3.connection.HTTPSConnection object at 0x000001D5359F7550>, 'Connection to api.github.com timed out. (connect timeout=10)'))
